  main.cpp
c:\users\jpcar\onedrive\documents\college work\comp sci 122\racinggame\racinggame\car.h(53): warning C4244: '=': conversion from 'double' to 'float', possible loss of data
c:\users\jpcar\onedrive\documents\college work\comp sci 122\racinggame\racinggame\car.h(54): warning C4244: '=': conversion from 'double' to 'float', possible loss of data
c:\users\jpcar\onedrive\documents\college work\comp sci 122\racinggame\racinggame\car.h(55): warning C4244: '=': conversion from 'double' to 'float', possible loss of data
c:\users\jpcar\onedrive\documents\college work\comp sci 122\racinggame\racinggame\car.h(56): warning C4244: '=': conversion from 'double' to 'float', possible loss of data
c:\users\jpcar\onedrive\documents\college work\comp sci 122\racinggame\racinggame\car.h(57): warning C4244: '=': conversion from 'double' to 'float', possible loss of data
c:\users\jpcar\onedrive\documents\college work\comp sci 122\racinggame\racinggame\car.h(58): warning C4244: '=': conversion from 'double' to 'float', possible loss of data
c:\users\jpcar\onedrive\documents\college work\comp sci 122\racinggame\racinggame\car.h(91): warning C4244: '=': conversion from 'double' to 'float', possible loss of data
c:\users\jpcar\onedrive\documents\college work\comp sci 122\racinggame\racinggame\car.h(92): warning C4244: '=': conversion from 'double' to 'float', possible loss of data
c:\users\jpcar\onedrive\documents\college work\comp sci 122\racinggame\racinggame\car.h(93): warning C4244: '=': conversion from 'double' to 'float', possible loss of data
c:\users\jpcar\onedrive\documents\college work\comp sci 122\racinggame\racinggame\car.h(94): warning C4244: '=': conversion from 'double' to 'float', possible loss of data
c:\users\jpcar\onedrive\documents\college work\comp sci 122\racinggame\racinggame\car.h(95): warning C4244: '=': conversion from 'double' to 'float', possible loss of data
c:\users\jpcar\onedrive\documents\college work\comp sci 122\racinggame\racinggame\car.h(96): warning C4244: '=': conversion from 'double' to 'float', possible loss of data
c:\users\jpcar\onedrive\documents\college work\comp sci 122\racinggame\racinggame\car.h(99): warning C4244: 'argument': conversion from 'float' to 'unsigned int', possible loss of data
c:\users\jpcar\onedrive\documents\college work\comp sci 122\racinggame\racinggame\main.cpp(28): warning C4244: 'argument': conversion from 'unsigned int' to 'float', possible loss of data
c:\users\jpcar\onedrive\documents\college work\comp sci 122\racinggame\racinggame\main.cpp(196): warning C4244: 'argument': conversion from 'double' to 'float', possible loss of data
c:\users\jpcar\onedrive\documents\college work\comp sci 122\racinggame\racinggame\main.cpp(209): warning C4244: 'argument': conversion from 'double' to 'float', possible loss of data
c:\users\jpcar\onedrive\documents\college work\comp sci 122\racinggame\racinggame\main.cpp(223): warning C4244: 'argument': conversion from 'double' to 'float', possible loss of data
c:\users\jpcar\onedrive\documents\college work\comp sci 122\racinggame\racinggame\main.cpp(237): warning C4244: 'argument': conversion from 'double' to 'float', possible loss of data
c:\users\jpcar\onedrive\documents\college work\comp sci 122\racinggame\racinggame\main.cpp(273): warning C4244: 'argument': conversion from 'double' to 'float', possible loss of data
c:\users\jpcar\onedrive\documents\college work\comp sci 122\racinggame\racinggame\main.cpp(286): warning C4244: 'argument': conversion from 'double' to 'float', possible loss of data
c:\users\jpcar\onedrive\documents\college work\comp sci 122\racinggame\racinggame\main.cpp(300): warning C4244: 'argument': conversion from 'double' to 'float', possible loss of data
c:\users\jpcar\onedrive\documents\college work\comp sci 122\racinggame\racinggame\main.cpp(314): warning C4244: 'argument': conversion from 'double' to 'float', possible loss of data
c:\users\jpcar\onedrive\documents\college work\comp sci 122\racinggame\racinggame\main.cpp(72): warning C4996: 'itoa': The POSIX name for this item is deprecated. Instead, use the ISO C and C++ conformant name: _itoa. See online help for details.
  c:\program files (x86)\windows kits\10\include\10.0.10240.0\ucrt\stdlib.h(1316): note: see declaration of 'itoa'
c:\users\jpcar\onedrive\documents\college work\comp sci 122\racinggame\racinggame\main.cpp(177): warning C4996: 'itoa': The POSIX name for this item is deprecated. Instead, use the ISO C and C++ conformant name: _itoa. See online help for details.
  c:\program files (x86)\windows kits\10\include\10.0.10240.0\ucrt\stdlib.h(1316): note: see declaration of 'itoa'
c:\users\jpcar\onedrive\documents\college work\comp sci 122\racinggame\racinggame\main.cpp(178): warning C4996: 'strcat': This function or variable may be unsafe. Consider using strcat_s instead. To disable deprecation, use _CRT_SECURE_NO_WARNINGS. See online help for details.
  c:\program files (x86)\windows kits\10\include\10.0.10240.0\ucrt\string.h(90): note: see declaration of 'strcat'
c:\users\jpcar\onedrive\documents\college work\comp sci 122\racinggame\racinggame\main.cpp(259): warning C4996: 'itoa': The POSIX name for this item is deprecated. Instead, use the ISO C and C++ conformant name: _itoa. See online help for details.
  c:\program files (x86)\windows kits\10\include\10.0.10240.0\ucrt\stdlib.h(1316): note: see declaration of 'itoa'
c:\users\jpcar\onedrive\documents\college work\comp sci 122\racinggame\racinggame\main.cpp(260): warning C4996: 'strcat': This function or variable may be unsafe. Consider using strcat_s instead. To disable deprecation, use _CRT_SECURE_NO_WARNINGS. See online help for details.
  c:\program files (x86)\windows kits\10\include\10.0.10240.0\ucrt\string.h(90): note: see declaration of 'strcat'
  RacingGame.vcxproj -> C:\Users\jpcar\OneDrive\Documents\College Work\Comp Sci 122\RacingGame\Debug\RacingGame.exe
  RacingGame.vcxproj -> C:\Users\jpcar\OneDrive\Documents\College Work\Comp Sci 122\RacingGame\Debug\RacingGame.pdb (Full PDB)
